{
  "stats": {
    "suites": 1,
    "tests": 2,
    "passes": 2,
    "pending": 0,
    "failures": 0,
    "start": "2022-10-07T11:06:45.984Z",
    "end": "2022-10-07T11:06:50.487Z",
    "duration": 4503,
    "testsRegistered": 2,
    "passPercent": 100,
    "pendingPercent": 0,
    "other": 0,
    "hasOther": false,
    "skipped": 0,
    "hasSkipped": false
  },
  "results": [
    {
      "uuid": "55e0d49a-4299-40e8-a8a1-66f5a6de2876",
      "title": "",
      "fullFile": "cypress/e2e/spec.cy.js",
      "file": "cypress/e2e/spec.cy.js",
      "beforeHooks": [],
      "afterHooks": [],
      "tests": [],
      "suites": [
        {
          "uuid": "e470b5b0-2526-4564-a073-7436a2aec31d",
          "title": "Extrapreneur adress title correct",
          "fullFile": "",
          "file": "",
          "beforeHooks": [],
          "afterHooks": [],
          "tests": [
            {
              "title": "Successfully loads extrapreneur.se",
              "fullTitle": "Extrapreneur adress title correct Successfully loads extrapreneur.se",
              "timedOut": null,
              "duration": 2000,
              "state": "passed",
              "speed": "fast",
              "pass": true,
              "fail": false,
              "pending": false,
              "context": null,
              "code": "cy.visit(\"https://www.extrapreneur.se\");",
              "err": {},
              "uuid": "55503fa2-6bb1-4f71-88d9-6e751f69053b",
              "parentUUID": "e470b5b0-2526-4564-a073-7436a2aec31d",
              "isHook": false,
              "skipped": false
            },
            {
              "title": "Check adress title",
              "fullTitle": "Extrapreneur adress title correct Check adress title",
              "timedOut": null,
              "duration": 62,
              "state": "passed",
              "speed": "fast",
              "pass": true,
              "fail": false,
              "pending": false,
              "context": null,
              "code": "cy.get(\"#block-626e14bd56108b0b6370 > div > p:nth-child(1) > strong\").contains(\"Extrapreneur AB\").should(\"be.visible\");",
              "err": {},
              "uuid": "46721a9c-f815-4f3f-a503-8ab86aaf936b",
              "parentUUID": "e470b5b0-2526-4564-a073-7436a2aec31d",
              "isHook": false,
              "skipped": false
            }
          ],
          "suites": [],
          "passes": [
            "55503fa2-6bb1-4f71-88d9-6e751f69053b",
            "46721a9c-f815-4f3f-a503-8ab86aaf936b"
          ],
          "failures": [],
          "pending": [],
          "skipped": [],
          "duration": 2062,
          "root": false,
          "rootEmpty": false,
          "_timeout": 2000
        }
      ],
      "passes": [],
      "failures": [],
      "pending": [],
      "skipped": [],
      "duration": 0,
      "root": true,
      "rootEmpty": true,
      "_timeout": 2000
    }
  ],
  "meta": {
    "mocha": {
      "version": "7.0.1"
    },
    "mochawesome": {
      "options": {
        "quiet": false,
        "reportFilename": "mochawesome",
        "saveHtml": true,
        "saveJson": true,
        "consoleReporter": "spec",
        "useInlineDiffs": false,
        "code": true
      },
      "version": "7.1.3"
    },
    "marge": {
      "options": {
        "configFile": "reporter-config.json"
      },
      "version": "6.2.0"
    }
  }
}