{
  "stats": {
    "suites": 1,
    "tests": 2,
    "passes": 2,
    "pending": 0,
    "failures": 0,
    "start": "2022-10-07T11:16:49.983Z",
    "end": "2022-10-07T11:16:54.215Z",
    "duration": 4232,
    "testsRegistered": 2,
    "passPercent": 100,
    "pendingPercent": 0,
    "other": 0,
    "hasOther": false,
    "skipped": 0,
    "hasSkipped": false
  },
  "results": [
    {
      "uuid": "6c3f7d91-5d75-43ce-a2f6-cf424b8db205",
      "title": "",
      "fullFile": "cypress/e2e/spec.cy.js",
      "file": "cypress/e2e/spec.cy.js",
      "beforeHooks": [],
      "afterHooks": [],
      "tests": [],
      "suites": [
        {
          "uuid": "20d44a32-4a79-4b96-8458-eebafbb439ec",
          "title": "Extrapreneur adress title correct",
          "fullFile": "",
          "file": "",
          "beforeHooks": [],
          "afterHooks": [],
          "tests": [
            {
              "title": "Successfully loads extrapreneur.se",
              "fullTitle": "Extrapreneur adress title correct Successfully loads extrapreneur.se",
              "timedOut": null,
              "duration": 1852,
              "state": "passed",
              "speed": "fast",
              "pass": true,
              "fail": false,
              "pending": false,
              "context": null,
              "code": "cy.visit(\"https://www.extrapreneur.se\");",
              "err": {},
              "uuid": "2134a524-c70b-4e13-913a-165f21a2d143",
              "parentUUID": "20d44a32-4a79-4b96-8458-eebafbb439ec",
              "isHook": false,
              "skipped": false
            },
            {
              "title": "Check adress title",
              "fullTitle": "Extrapreneur adress title correct Check adress title",
              "timedOut": null,
              "duration": 56,
              "state": "passed",
              "speed": "fast",
              "pass": true,
              "fail": false,
              "pending": false,
              "context": null,
              "code": "cy.get(\"#block-626e14bd56108b0b6370 > div > p:nth-child(1) > strong\").contains(\"Extrapreneur AB\").should(\"be.visible\");",
              "err": {},
              "uuid": "444b9a6c-d441-4445-b61f-c673f630ff7a",
              "parentUUID": "20d44a32-4a79-4b96-8458-eebafbb439ec",
              "isHook": false,
              "skipped": false
            }
          ],
          "suites": [],
          "passes": [
            "2134a524-c70b-4e13-913a-165f21a2d143",
            "444b9a6c-d441-4445-b61f-c673f630ff7a"
          ],
          "failures": [],
          "pending": [],
          "skipped": [],
          "duration": 1908,
          "root": false,
          "rootEmpty": false,
          "_timeout": 2000
        }
      ],
      "passes": [],
      "failures": [],
      "pending": [],
      "skipped": [],
      "duration": 0,
      "root": true,
      "rootEmpty": true,
      "_timeout": 2000
    }
  ],
  "meta": {
    "mocha": {
      "version": "7.0.1"
    },
    "mochawesome": {
      "options": {
        "quiet": false,
        "reportFilename": "mochawesome",
        "saveHtml": false,
        "saveJson": true,
        "consoleReporter": "spec",
        "useInlineDiffs": false,
        "code": true
      },
      "version": "7.1.3"
    },
    "marge": {
      "options": {
        "id": "default",
        "reportDir": "cypress/results/json",
        "overwrite": false,
        "html": false,
        "json": true
      },
      "version": "6.2.0"
    }
  }
}