{
  "stats": {
    "suites": 1,
    "tests": 2,
    "passes": 2,
    "pending": 0,
    "failures": 0,
    "start": "2022-10-07T11:19:50.637Z",
    "end": "2022-10-07T11:20:29.497Z",
    "duration": 38860,
    "testsRegistered": 2,
    "passPercent": 100,
    "pendingPercent": 0,
    "other": 0,
    "hasOther": false,
    "skipped": 0,
    "hasSkipped": false
  },
  "results": [
    {
      "uuid": "e9beefbb-de34-4747-b452-1dc95c8baa66",
      "title": "",
      "fullFile": "cypress/e2e/spec.cy.js",
      "file": "cypress/e2e/spec.cy.js",
      "beforeHooks": [],
      "afterHooks": [],
      "tests": [],
      "suites": [
        {
          "uuid": "6f25050f-548f-4fb5-a133-17535d95a997",
          "title": "Extrapreneur adress title correct",
          "fullFile": "",
          "file": "",
          "beforeHooks": [],
          "afterHooks": [],
          "tests": [
            {
              "title": "Successfully loads extrapreneur.se",
              "fullTitle": "Extrapreneur adress title correct Successfully loads extrapreneur.se",
              "timedOut": null,
              "duration": 30600,
              "state": "passed",
              "speed": "slow",
              "pass": true,
              "fail": false,
              "pending": false,
              "context": null,
              "code": "cy.visit(\"https://www.extrapreneur.se\");",
              "err": {},
              "uuid": "578070df-f6f3-4a03-8699-1b3547af2cc9",
              "parentUUID": "6f25050f-548f-4fb5-a133-17535d95a997",
              "isHook": false,
              "skipped": false
            },
            {
              "title": "Check adress title",
              "fullTitle": "Extrapreneur adress title correct Check adress title",
              "timedOut": null,
              "duration": 66,
              "state": "passed",
              "speed": "fast",
              "pass": true,
              "fail": false,
              "pending": false,
              "context": null,
              "code": "cy.get(\"#block-626e14bd56108b0b6370 > div > p:nth-child(1) > strong\").contains(\"Extrapreneur AB\").should(\"be.visible\");",
              "err": {},
              "uuid": "8e3925c6-bfcc-4c4d-bc1f-0381be5304ae",
              "parentUUID": "6f25050f-548f-4fb5-a133-17535d95a997",
              "isHook": false,
              "skipped": false
            }
          ],
          "suites": [],
          "passes": [
            "578070df-f6f3-4a03-8699-1b3547af2cc9",
            "8e3925c6-bfcc-4c4d-bc1f-0381be5304ae"
          ],
          "failures": [],
          "pending": [],
          "skipped": [],
          "duration": 30666,
          "root": false,
          "rootEmpty": false,
          "_timeout": 2000
        }
      ],
      "passes": [],
      "failures": [],
      "pending": [],
      "skipped": [],
      "duration": 0,
      "root": true,
      "rootEmpty": true,
      "_timeout": 2000
    }
  ],
  "meta": {
    "mocha": {
      "version": "7.0.1"
    },
    "mochawesome": {
      "options": {
        "quiet": false,
        "reportFilename": "mochawesome",
        "saveHtml": false,
        "saveJson": true,
        "consoleReporter": "spec",
        "useInlineDiffs": false,
        "code": true
      },
      "version": "7.1.3"
    },
    "marge": {
      "options": {
        "id": "default",
        "reportDir": "cypress/results/json",
        "overwrite": false,
        "html": false,
        "json": true
      },
      "version": "6.2.0"
    }
  }
}